<?xml version="1.0" encoding="UTF-8"?>
<!-- Generated by org.testng.reporters.JUnitReportReporter -->
<testsuite hostname="LAPTOP-FSROH3R8" failures="0" tests="2" name="ordersTest.ProductOrdersTest" time="86.483" errors="0" timestamp="2024-04-21T14:06:32 BST" skipped="0">
  <testcase classname="ordersTest.ProductOrdersTest" name="addProductsToCart" time="8.692"/>
  <testcase classname="ordersTest.ProductOrdersTest" name="checkOut" time="77.791"/>
</testsuite> <!-- ordersTest.ProductOrdersTest -->
