<?xml version="1.0" encoding="UTF-8"?>
<!-- Generated by org.testng.reporters.JUnitReportReporter -->
<testsuite hostname="LAPTOP-FSROH3R8" failures="0" tests="1" name="seleniumProject.seleniumProject.launchBrowser" time="8.855" errors="0" timestamp="2024-04-19T15:51:18 BST" skipped="0">
  <testcase classname="seleniumProject.seleniumProject.launchBrowser" name="main" time="8.855"/>
</testsuite> <!-- seleniumProject.seleniumProject.launchBrowser -->
